<?xml version="1.0" encoding="UTF-8"?>
<testsuite name="com.pokemonplace.app.Spring3DPastorApplicationTests" tests="1" skipped="0" failures="0" errors="0" timestamp="2024-01-18T22:56:12" hostname="POYO" time="1.294">
  <properties/>
  <testcase name="contextLoads()" classname="com.pokemonplace.app.Spring3DPastorApplicationTests" time="1.294"/>
  <system-out><![CDATA[16:56:02.233 [Test worker] INFO org.springframework.test.context.support.AnnotationConfigContextLoaderUtils -- Could not detect default configuration classes for test class [com.pokemonplace.app.Spring3DPastorApplicationTests]: Spring3DPastorApplicationTests does not declare any static, non-private, non-final, nested classes annotated with @Configuration.
16:56:02.420 [Test worker] INFO org.springframework.boot.test.context.SpringBootTestContextBootstrapper -- Found @SpringBootConfiguration com.pokemonplace.app.Spring3DPastorApplication for test class com.pokemonplace.app.Spring3DPastorApplicationTests

  .   ____          _            __ _ _
 /\\ / ___'_ __ _ _(_)_ __  __ _ \ \ \ \
( ( )\___ | '_ | '_| | '_ \/ _` | \ \ \ \
 \\/  ___)| |_)| | | | | || (_| |  ) ) ) )
  '  |____| .__|_| |_|_| |_\__, | / / / /
 =========|_|==============|___/=/_/_/_/
 :: Spring Boot ::                (v3.2.1)

2024-01-18T16:56:03.471-06:00  INFO 8684 --- [    Test worker] c.p.app.Spring3DPastorApplicationTests   : Starting Spring3DPastorApplicationTests using Java 17.0.9 with PID 8684 (started by Usuario in C:\generation\Proyecto Integrador\3DPastor-Backend\Spring3DPastor)
2024-01-18T16:56:03.473-06:00  INFO 8684 --- [    Test worker] c.p.app.Spring3DPastorApplicationTests   : The following 1 profile is active: "${PROFILE}"
2024-01-18T16:56:05.087-06:00  INFO 8684 --- [    Test worker] .s.d.r.c.RepositoryConfigurationDelegate : Bootstrapping Spring Data JPA repositories in DEFAULT mode.
2024-01-18T16:56:05.293-06:00  INFO 8684 --- [    Test worker] .s.d.r.c.RepositoryConfigurationDelegate : Finished Spring Data repository scanning in 186 ms. Found 6 JPA repository interfaces.
2024-01-18T16:56:06.314-06:00  INFO 8684 --- [    Test worker] com.zaxxer.hikari.HikariDataSource       : HikariPool-1 - Starting...
2024-01-18T16:56:06.698-06:00  INFO 8684 --- [    Test worker] com.zaxxer.hikari.pool.HikariPool        : HikariPool-1 - Added connection conn0: url=jdbc:h2:mem:82fc3f2d-79e7-43ed-95a3-1b0c9b680660 user=SA
2024-01-18T16:56:06.701-06:00  INFO 8684 --- [    Test worker] com.zaxxer.hikari.HikariDataSource       : HikariPool-1 - Start completed.
2024-01-18T16:56:06.805-06:00  INFO 8684 --- [    Test worker] o.hibernate.jpa.internal.util.LogHelper  : HHH000204: Processing PersistenceUnitInfo [name: default]
2024-01-18T16:56:07.033-06:00  INFO 8684 --- [    Test worker] org.hibernate.Version                    : HHH000412: Hibernate ORM core version 6.4.1.Final
2024-01-18T16:56:07.128-06:00  INFO 8684 --- [    Test worker] o.h.c.internal.RegionFactoryInitiator    : HHH000026: Second-level cache disabled
2024-01-18T16:56:07.717-06:00  INFO 8684 --- [    Test worker] o.s.o.j.p.SpringPersistenceUnitInfo      : No LoadTimeWeaver setup: ignoring JPA class transformer
2024-01-18T16:56:09.876-06:00  INFO 8684 --- [    Test worker] o.h.e.t.j.p.i.JtaPlatformInitiator       : HHH000489: No JTA platform available (set 'hibernate.transaction.jta.platform' to enable JTA platform integration)
2024-01-18T16:56:09.904-06:00 DEBUG 8684 --- [    Test worker] org.hibernate.SQL                        : 
    drop table if exists categorias cascade 
2024-01-18T16:56:09.910-06:00 DEBUG 8684 --- [    Test worker] org.hibernate.SQL                        : 
    drop table if exists compras cascade 
2024-01-18T16:56:09.911-06:00 DEBUG 8684 --- [    Test worker] org.hibernate.SQL                        : 
    drop table if exists compras_has_productos cascade 
2024-01-18T16:56:09.912-06:00 DEBUG 8684 --- [    Test worker] org.hibernate.SQL                        : 
    drop table if exists estado_compra cascade 
2024-01-18T16:56:09.912-06:00 DEBUG 8684 --- [    Test worker] org.hibernate.SQL                        : 
    drop table if exists imagenes_productos cascade 
2024-01-18T16:56:09.913-06:00 DEBUG 8684 --- [    Test worker] org.hibernate.SQL                        : 
    drop table if exists productos cascade 
2024-01-18T16:56:09.913-06:00 DEBUG 8684 --- [    Test worker] org.hibernate.SQL                        : 
    drop table if exists usuarios cascade 
2024-01-18T16:56:09.943-06:00 DEBUG 8684 --- [    Test worker] org.hibernate.SQL                        : 
    create table categorias (
        categoria_id bigint generated by default as identity,
        nombre_categoria varchar(45) not null,
        primary key (categoria_id)
    )
2024-01-18T16:56:09.957-06:00 DEBUG 8684 --- [    Test worker] org.hibernate.SQL                        : 
    create table compras (
        compras_id bigint generated by default as identity,
        estado_id bigint not null,
        fecha_compra timestamp(6),
        usuario_id bigint not null,
        primary key (compras_id)
    )
2024-01-18T16:56:09.960-06:00 DEBUG 8684 --- [    Test worker] org.hibernate.SQL                        : 
    create table compras_has_productos (
        cantidad_compra integer,
        compras_id bigint not null,
        productos_id bigint not null,
        primary key (compras_id, productos_id)
    )
2024-01-18T16:56:09.964-06:00 DEBUG 8684 --- [    Test worker] org.hibernate.SQL                        : 
    create table estado_compra (
        estado_id bigint generated by default as identity,
        estado_compra varchar(60) not null,
        primary key (estado_id)
    )
2024-01-18T16:56:09.967-06:00 DEBUG 8684 --- [    Test worker] org.hibernate.SQL                        : 
    create table imagenes_productos (
        activo boolean not null,
        imagen_id bigint generated by default as identity,
        producto_id bigint not null,
        nombre_imagen varchar(120) not null,
        primary key (imagen_id)
    )
2024-01-18T16:56:09.974-06:00 DEBUG 8684 --- [    Test worker] org.hibernate.SQL                        : 
    create table productos (
        activo boolean not null,
        precio float(24) not null,
        cantidad_disponible bigint not null,
        categoria_id bigint not null,
        producto_id bigint generated by default as identity,
        nombre_producto varchar(200) not null unique,
        primary key (producto_id)
    )
2024-01-18T16:56:09.979-06:00 DEBUG 8684 --- [    Test worker] org.hibernate.SQL                        : 
    create table usuarios (
        activo boolean not null,
        rol_id bigint not null,
        usuario_id bigint generated by default as identity,
        contrasena varchar(20) not null,
        telefono varchar(20) not null,
        email varchar(60) not null unique,
        usuario_nombre varchar(120) not null,
        direccion varchar(150),
        primary key (usuario_id)
    )
2024-01-18T16:56:09.984-06:00 DEBUG 8684 --- [    Test worker] org.hibernate.SQL                        : 
    alter table if exists compras 
       add constraint FKiq9pfujcne6vqmdxb60hxgwnk 
       foreign key (estado_id) 
       references estado_compra
2024-01-18T16:56:10.002-06:00 DEBUG 8684 --- [    Test worker] org.hibernate.SQL                        : 
    alter table if exists compras 
       add constraint FK4lnkw9964v2gf3b2sjbaealqw 
       foreign key (usuario_id) 
       references usuarios
2024-01-18T16:56:10.006-06:00 DEBUG 8684 --- [    Test worker] org.hibernate.SQL                        : 
    alter table if exists compras_has_productos 
       add constraint FK3u4xk2vqqmo75h3np7a4iu2jb 
       foreign key (productos_id) 
       references productos
2024-01-18T16:56:10.009-06:00 DEBUG 8684 --- [    Test worker] org.hibernate.SQL                        : 
    alter table if exists compras_has_productos 
       add constraint FK4sbxw5p4aornt8kxyypa7so6d 
       foreign key (compras_id) 
       references compras
2024-01-18T16:56:10.013-06:00 DEBUG 8684 --- [    Test worker] org.hibernate.SQL                        : 
    alter table if exists imagenes_productos 
       add constraint FKit49va58jtu1j3j977paiayhu 
       foreign key (producto_id) 
       references productos
2024-01-18T16:56:10.017-06:00 DEBUG 8684 --- [    Test worker] org.hibernate.SQL                        : 
    alter table if exists productos 
       add constraint FK2fwq10nwymfv7fumctxt9vpgb 
       foreign key (categoria_id) 
       references categorias
2024-01-18T16:56:10.035-06:00  INFO 8684 --- [    Test worker] j.LocalContainerEntityManagerFactoryBean : Initialized JPA EntityManagerFactory for persistence unit 'default'
2024-01-18T16:56:11.376-06:00  WARN 8684 --- [    Test worker] JpaBaseConfiguration$JpaWebConfiguration : spring.jpa.open-in-view is enabled by default. Therefore, database queries may be performed during view rendering. Explicitly configure spring.jpa.open-in-view to disable this warning
2024-01-18T16:56:12.253-06:00  INFO 8684 --- [    Test worker] c.p.app.Spring3DPastorApplicationTests   : Started Spring3DPastorApplicationTests in 9.412 seconds (process running for 12.391)
]]></system-out>
  <system-err><![CDATA[]]></system-err>
</testsuite>
