<?xml version="1.0" encoding="UTF-8"?>
<testsuite name="com.pokemonplace.app.Spring3DPastorApplicationTests" tests="1" skipped="0" failures="0" errors="0" timestamp="2024-01-19T20:39:08" hostname="POYO" time="3.718">
  <properties/>
  <testcase name="contextLoads()" classname="com.pokemonplace.app.Spring3DPastorApplicationTests" time="3.718"/>
  <system-out><![CDATA[14:38:47.456 [Test worker] INFO org.springframework.test.context.support.AnnotationConfigContextLoaderUtils -- Could not detect default configuration classes for test class [com.pokemonplace.app.Spring3DPastorApplicationTests]: Spring3DPastorApplicationTests does not declare any static, non-private, non-final, nested classes annotated with @Configuration.
14:38:47.938 [Test worker] INFO org.springframework.boot.test.context.SpringBootTestContextBootstrapper -- Found @SpringBootConfiguration com.pokemonplace.app.Spring3DPastorApplication for test class com.pokemonplace.app.Spring3DPastorApplicationTests

  .   ____          _            __ _ _
 /\\ / ___'_ __ _ _(_)_ __  __ _ \ \ \ \
( ( )\___ | '_ | '_| | '_ \/ _` | \ \ \ \
 \\/  ___)| |_)| | | | | || (_| |  ) ) ) )
  '  |____| .__|_| |_|_| |_\__, | / / / /
 =========|_|==============|___/=/_/_/_/
 :: Spring Boot ::                (v3.2.1)

2024-01-19T14:38:50.347-06:00  INFO 19244 --- [    Test worker] c.p.app.Spring3DPastorApplicationTests   : Starting Spring3DPastorApplicationTests using Java 17.0.9 with PID 19244 (started by Usuario in C:\generation\Proyecto Integrador\3DPastor-Backend\Spring3DPastor)
2024-01-19T14:38:50.350-06:00  INFO 19244 --- [    Test worker] c.p.app.Spring3DPastorApplicationTests   : No active profile set, falling back to 1 default profile: "default"
2024-01-19T14:38:52.482-06:00  INFO 19244 --- [    Test worker] .s.d.r.c.RepositoryConfigurationDelegate : Bootstrapping Spring Data JPA repositories in DEFAULT mode.
2024-01-19T14:38:52.658-06:00  INFO 19244 --- [    Test worker] .s.d.r.c.RepositoryConfigurationDelegate : Finished Spring Data repository scanning in 147 ms. Found 6 JPA repository interfaces.
2024-01-19T14:38:54.148-06:00  INFO 19244 --- [    Test worker] com.zaxxer.hikari.HikariDataSource       : HikariPool-1 - Starting...
2024-01-19T14:38:56.315-06:00  INFO 19244 --- [    Test worker] com.zaxxer.hikari.pool.HikariPool        : HikariPool-1 - Added connection com.mysql.cj.jdbc.ConnectionImpl@2abc55c4
2024-01-19T14:38:56.319-06:00  INFO 19244 --- [    Test worker] com.zaxxer.hikari.HikariDataSource       : HikariPool-1 - Start completed.
2024-01-19T14:38:56.435-06:00  INFO 19244 --- [    Test worker] o.hibernate.jpa.internal.util.LogHelper  : HHH000204: Processing PersistenceUnitInfo [name: default]
2024-01-19T14:38:56.653-06:00  INFO 19244 --- [    Test worker] org.hibernate.Version                    : HHH000412: Hibernate ORM core version 6.4.1.Final
2024-01-19T14:38:56.879-06:00  INFO 19244 --- [    Test worker] o.h.c.internal.RegionFactoryInitiator    : HHH000026: Second-level cache disabled
2024-01-19T14:38:58.290-06:00  INFO 19244 --- [    Test worker] o.s.o.j.p.SpringPersistenceUnitInfo      : No LoadTimeWeaver setup: ignoring JPA class transformer
2024-01-19T14:39:02.979-06:00  INFO 19244 --- [    Test worker] o.h.e.t.j.p.i.JtaPlatformInitiator       : HHH000489: No JTA platform available (set 'hibernate.transaction.jta.platform' to enable JTA platform integration)
2024-01-19T14:39:02.988-06:00  INFO 19244 --- [    Test worker] j.LocalContainerEntityManagerFactoryBean : Initialized JPA EntityManagerFactory for persistence unit 'default'
2024-01-19T14:39:05.617-06:00  WARN 19244 --- [    Test worker] JpaBaseConfiguration$JpaWebConfiguration : spring.jpa.open-in-view is enabled by default. Therefore, database queries may be performed during view rendering. Explicitly configure spring.jpa.open-in-view to disable this warning
2024-01-19T14:39:05.708-06:00  INFO 19244 --- [    Test worker] o.s.b.a.w.s.WelcomePageHandlerMapping    : Adding welcome page: class path resource [static/index.html]
2024-01-19T14:39:07.861-06:00  INFO 19244 --- [    Test worker] c.p.app.Spring3DPastorApplicationTests   : Started Spring3DPastorApplicationTests in 18.99 seconds (process running for 24.369)
]]></system-out>
  <system-err><![CDATA[]]></system-err>
</testsuite>
